Analysis & Elaboration report for proyecto3
Sun Dec 10 18:35:30 2023
Quartus Prime Version 17.1.0 Build 590 10/25/2017 SJ Lite Edition


---------------------
; Table of Contents ;
---------------------
  1. Legal Notice
  2. Analysis & Elaboration Summary
  3. Parallel Compilation
  4. Parameter Settings for User Entity Instance: ROM:rom
  5. Parameter Settings for User Entity Instance: RAM:ram
  6. Analysis & Elaboration Settings
  7. Analysis & Elaboration Messages
  8. Analysis & Elaboration Suppressed Messages



----------------
; Legal Notice ;
----------------
Copyright (C) 2017  Intel Corporation. All rights reserved.
Your use of Intel Corporation's design tools, logic functions 
and other software and tools, and its AMPP partner logic 
functions, and any output files from any of the foregoing 
(including device programming or simulation files), and any 
associated documentation or information are expressly subject 
to the terms and conditions of the Intel Program License 
Subscription Agreement, the Intel Quartus Prime License Agreement,
the Intel FPGA IP License Agreement, or other applicable license
agreement, including, without limitation, that your use is for
the sole purpose of programming logic devices manufactured by
Intel and sold by Intel or its authorized distributors.  Please
refer to the applicable agreement for further details.



+----------------------------------------------------------------------------------+
; Analysis & Elaboration Summary                                                   ;
+------------------------------------+---------------------------------------------+
; Analysis & Elaboration Status      ; Successful - Sun Dec 10 18:35:30 2023       ;
; Quartus Prime Version              ; 17.1.0 Build 590 10/25/2017 SJ Lite Edition ;
; Revision Name                      ; proyecto3                                   ;
; Top-level Entity Name              ; fase1                                       ;
; Family                             ; Cyclone IV E                                ;
; Total logic elements               ; N/A until Partition Merge                   ;
;     Total combinational functions  ; N/A until Partition Merge                   ;
;     Dedicated logic registers      ; N/A until Partition Merge                   ;
; Total registers                    ; N/A until Partition Merge                   ;
; Total pins                         ; N/A until Partition Merge                   ;
; Total virtual pins                 ; N/A until Partition Merge                   ;
; Total memory bits                  ; N/A until Partition Merge                   ;
; Embedded Multiplier 9-bit elements ; N/A until Partition Merge                   ;
; Total PLLs                         ; N/A until Partition Merge                   ;
+------------------------------------+---------------------------------------------+


+------------------------------------------+
; Parallel Compilation                     ;
+----------------------------+-------------+
; Processors                 ; Number      ;
+----------------------------+-------------+
; Number detected on machine ; 4           ;
; Maximum allowed            ; 2           ;
;                            ;             ;
; Average used               ; 1.00        ;
; Maximum used               ; 1           ;
;                            ;             ;
; Usage by Processor         ; % Time Used ;
;     Processor 1            ; 100.0%      ;
+----------------------------+-------------+


+------------------------------------------------------+
; Parameter Settings for User Entity Instance: ROM:rom ;
+----------------+-------+-----------------------------+
; Parameter Name ; Value ; Type                        ;
+----------------+-------+-----------------------------+
; profundidad    ; 1024  ; Signed Integer              ;
+----------------+-------+-----------------------------+
Note: In order to hide this table in the UI and the text report file, please set the "Show Parameter Settings in Synthesis Report" option in "Analysis and Synthesis Settings -> More Settings" to "Off".


+------------------------------------------------------+
; Parameter Settings for User Entity Instance: RAM:ram ;
+----------------+-------+-----------------------------+
; Parameter Name ; Value ; Type                        ;
+----------------+-------+-----------------------------+
; profundidad    ; 1024  ; Signed Integer              ;
+----------------+-------+-----------------------------+
Note: In order to hide this table in the UI and the text report file, please set the "Show Parameter Settings in Synthesis Report" option in "Analysis and Synthesis Settings -> More Settings" to "Off".


+----------------------------------------------------------------------------------------------------------------------+
; Analysis & Elaboration Settings                                                                                      ;
+----------------------------------------------------------------------------+--------------------+--------------------+
; Option                                                                     ; Setting            ; Default Value      ;
+----------------------------------------------------------------------------+--------------------+--------------------+
; Device                                                                     ; EP4CE115F29C7      ;                    ;
; Top-level entity name                                                      ; fase1              ; proyecto3          ;
; Family name                                                                ; Cyclone IV E       ; Cyclone V          ;
; Use smart compilation                                                      ; Off                ; Off                ;
; Enable parallel Assembler and TimeQuest Timing Analyzer during compilation ; On                 ; On                 ;
; Enable compact report table                                                ; Off                ; Off                ;
; Restructure Multiplexers                                                   ; Auto               ; Auto               ;
; Create Debugging Nodes for IP Cores                                        ; Off                ; Off                ;
; Preserve fewer node names                                                  ; On                 ; On                 ;
; Intel FPGA IP Evaluation Mode                                              ; Enable             ; Enable             ;
; Verilog Version                                                            ; Verilog_2001       ; Verilog_2001       ;
; VHDL Version                                                               ; VHDL_1993          ; VHDL_1993          ;
; State Machine Processing                                                   ; Auto               ; Auto               ;
; Safe State Machine                                                         ; Off                ; Off                ;
; Extract Verilog State Machines                                             ; On                 ; On                 ;
; Extract VHDL State Machines                                                ; On                 ; On                 ;
; Ignore Verilog initial constructs                                          ; Off                ; Off                ;
; Iteration limit for constant Verilog loops                                 ; 5000               ; 5000               ;
; Iteration limit for non-constant Verilog loops                             ; 250                ; 250                ;
; Add Pass-Through Logic to Inferred RAMs                                    ; On                 ; On                 ;
; Infer RAMs from Raw Logic                                                  ; On                 ; On                 ;
; Parallel Synthesis                                                         ; On                 ; On                 ;
; DSP Block Balancing                                                        ; Auto               ; Auto               ;
; NOT Gate Push-Back                                                         ; On                 ; On                 ;
; Power-Up Don't Care                                                        ; On                 ; On                 ;
; Remove Redundant Logic Cells                                               ; Off                ; Off                ;
; Remove Duplicate Registers                                                 ; On                 ; On                 ;
; Ignore CARRY Buffers                                                       ; Off                ; Off                ;
; Ignore CASCADE Buffers                                                     ; Off                ; Off                ;
; Ignore GLOBAL Buffers                                                      ; Off                ; Off                ;
; Ignore ROW GLOBAL Buffers                                                  ; Off                ; Off                ;
; Ignore LCELL Buffers                                                       ; Off                ; Off                ;
; Ignore SOFT Buffers                                                        ; On                 ; On                 ;
; Limit AHDL Integers to 32 Bits                                             ; Off                ; Off                ;
; Optimization Technique                                                     ; Balanced           ; Balanced           ;
; Carry Chain Length                                                         ; 70                 ; 70                 ;
; Auto Carry Chains                                                          ; On                 ; On                 ;
; Auto Open-Drain Pins                                                       ; On                 ; On                 ;
; Perform WYSIWYG Primitive Resynthesis                                      ; Off                ; Off                ;
; Auto ROM Replacement                                                       ; On                 ; On                 ;
; Auto RAM Replacement                                                       ; On                 ; On                 ;
; Auto DSP Block Replacement                                                 ; On                 ; On                 ;
; Auto Shift Register Replacement                                            ; Auto               ; Auto               ;
; Allow Shift Register Merging across Hierarchies                            ; Auto               ; Auto               ;
; Auto Clock Enable Replacement                                              ; On                 ; On                 ;
; Strict RAM Replacement                                                     ; Off                ; Off                ;
; Allow Synchronous Control Signals                                          ; On                 ; On                 ;
; Force Use of Synchronous Clear Signals                                     ; Off                ; Off                ;
; Auto RAM Block Balancing                                                   ; On                 ; On                 ;
; Auto RAM to Logic Cell Conversion                                          ; Off                ; Off                ;
; Auto Resource Sharing                                                      ; Off                ; Off                ;
; Allow Any RAM Size For Recognition                                         ; Off                ; Off                ;
; Allow Any ROM Size For Recognition                                         ; Off                ; Off                ;
; Allow Any Shift Register Size For Recognition                              ; Off                ; Off                ;
; Use LogicLock Constraints during Resource Balancing                        ; On                 ; On                 ;
; Ignore translate_off and synthesis_off directives                          ; Off                ; Off                ;
; Timing-Driven Synthesis                                                    ; On                 ; On                 ;
; Report Parameter Settings                                                  ; On                 ; On                 ;
; Report Source Assignments                                                  ; On                 ; On                 ;
; Report Connectivity Checks                                                 ; On                 ; On                 ;
; Ignore Maximum Fan-Out Assignments                                         ; Off                ; Off                ;
; Synchronization Register Chain Length                                      ; 2                  ; 2                  ;
; Power Optimization During Synthesis                                        ; Normal compilation ; Normal compilation ;
; HDL message level                                                          ; Level2             ; Level2             ;
; Suppress Register Optimization Related Messages                            ; Off                ; Off                ;
; Number of Removed Registers Reported in Synthesis Report                   ; 5000               ; 5000               ;
; Number of Swept Nodes Reported in Synthesis Report                         ; 5000               ; 5000               ;
; Number of Inverted Registers Reported in Synthesis Report                  ; 100                ; 100                ;
; Clock MUX Protection                                                       ; On                 ; On                 ;
; Auto Gated Clock Conversion                                                ; Off                ; Off                ;
; Block Design Naming                                                        ; Auto               ; Auto               ;
; SDC constraint protection                                                  ; Off                ; Off                ;
; Synthesis Effort                                                           ; Auto               ; Auto               ;
; Shift Register Replacement - Allow Asynchronous Clear Signal               ; On                 ; On                 ;
; Pre-Mapping Resynthesis Optimization                                       ; Off                ; Off                ;
; Analysis & Synthesis Message Level                                         ; Medium             ; Medium             ;
; Disable Register Merging Across Hierarchies                                ; Auto               ; Auto               ;
; Resource Aware Inference For Block RAM                                     ; On                 ; On                 ;
+----------------------------------------------------------------------------+--------------------+--------------------+


+---------------------------------+
; Analysis & Elaboration Messages ;
+---------------------------------+
Info: *******************************************************************
Info: Running Quartus Prime Analysis & Elaboration
    Info: Version 17.1.0 Build 590 10/25/2017 SJ Lite Edition
    Info: Processing started: Sun Dec 10 18:35:12 2023
Info: Command: quartus_map --read_settings_files=on --write_settings_files=off proyecto3 -c proyecto3 --analysis_and_elaboration
Warning (18236): Number of processors has not been specified which may cause overloading on shared machines.  Set the global assignment NUM_PARALLEL_PROCESSORS in your QSF to an appropriate value for best performance.
Info (20030): Parallel compilation is enabled and will use 2 of the 2 processors detected
Info (12021): Found 1 design units, including 1 entities, in source file pc.sv
    Info (12023): Found entity 1: pc File: C:/Users/adamc/OneDrive/Escritorio/UNI/5toCUATRI/ISDIGI/PROYECTO3/versiones/version2/10_DICIEMBRE_restored/pc.sv Line: 1
Info (12021): Found 1 design units, including 1 entities, in source file rom.sv
    Info (12023): Found entity 1: ROM File: C:/Users/adamc/OneDrive/Escritorio/UNI/5toCUATRI/ISDIGI/PROYECTO3/versiones/version2/10_DICIEMBRE_restored/ROM.sv Line: 1
Info (12021): Found 1 design units, including 1 entities, in source file ram.sv
    Info (12023): Found entity 1: RAM File: C:/Users/adamc/OneDrive/Escritorio/UNI/5toCUATRI/ISDIGI/PROYECTO3/versiones/version2/10_DICIEMBRE_restored/RAM.sv Line: 1
Info (12021): Found 1 design units, including 1 entities, in source file banco_registros.sv
    Info (12023): Found entity 1: Banco_registros File: C:/Users/adamc/OneDrive/Escritorio/UNI/5toCUATRI/ISDIGI/PROYECTO3/versiones/version2/10_DICIEMBRE_restored/Banco_registros.sv Line: 1
Info (12021): Found 1 design units, including 1 entities, in source file alu.sv
    Info (12023): Found entity 1: ALU File: C:/Users/adamc/OneDrive/Escritorio/UNI/5toCUATRI/ISDIGI/PROYECTO3/versiones/version2/10_DICIEMBRE_restored/ALU.sv Line: 1
Info (12021): Found 1 design units, including 1 entities, in source file fase1.sv
    Info (12023): Found entity 1: fase1 File: C:/Users/adamc/OneDrive/Escritorio/UNI/5toCUATRI/ISDIGI/PROYECTO3/versiones/version2/10_DICIEMBRE_restored/fase1.sv Line: 1
Info (12021): Found 1 design units, including 1 entities, in source file control.sv
    Info (12023): Found entity 1: Control File: C:/Users/adamc/OneDrive/Escritorio/UNI/5toCUATRI/ISDIGI/PROYECTO3/versiones/version2/10_DICIEMBRE_restored/Control.sv Line: 1
Info (12021): Found 1 design units, including 1 entities, in source file mux1.sv
    Info (12023): Found entity 1: mux1 File: C:/Users/adamc/OneDrive/Escritorio/UNI/5toCUATRI/ISDIGI/PROYECTO3/versiones/version2/10_DICIEMBRE_restored/mux1.sv Line: 1
Info (12021): Found 1 design units, including 1 entities, in source file mux2.sv
    Info (12023): Found entity 1: mux2 File: C:/Users/adamc/OneDrive/Escritorio/UNI/5toCUATRI/ISDIGI/PROYECTO3/versiones/version2/10_DICIEMBRE_restored/mux2.sv Line: 1
Info (12021): Found 1 design units, including 1 entities, in source file sumador1.sv
    Info (12023): Found entity 1: sumador1 File: C:/Users/adamc/OneDrive/Escritorio/UNI/5toCUATRI/ISDIGI/PROYECTO3/versiones/version2/10_DICIEMBRE_restored/sumador1.sv Line: 1
Info (12021): Found 1 design units, including 1 entities, in source file sumador2.sv
    Info (12023): Found entity 1: sumador2 File: C:/Users/adamc/OneDrive/Escritorio/UNI/5toCUATRI/ISDIGI/PROYECTO3/versiones/version2/10_DICIEMBRE_restored/sumador2.sv Line: 1
Info (12021): Found 1 design units, including 1 entities, in source file alu_control.sv
    Info (12023): Found entity 1: ALU_CONTROL File: C:/Users/adamc/OneDrive/Escritorio/UNI/5toCUATRI/ISDIGI/PROYECTO3/versiones/version2/10_DICIEMBRE_restored/ALU_CONTROL.sv Line: 1
Info (12021): Found 1 design units, including 1 entities, in source file puerta_and.sv
    Info (12023): Found entity 1: PUERTA_AND File: C:/Users/adamc/OneDrive/Escritorio/UNI/5toCUATRI/ISDIGI/PROYECTO3/versiones/version2/10_DICIEMBRE_restored/PUERTA_AND.sv Line: 1
Info (12021): Found 1 design units, including 1 entities, in source file immgen.sv
    Info (12023): Found entity 1: ImmGen File: C:/Users/adamc/OneDrive/Escritorio/UNI/5toCUATRI/ISDIGI/PROYECTO3/versiones/version2/10_DICIEMBRE_restored/ImmGen.sv Line: 1
Info (12127): Elaborating entity "fase1" for the top level hierarchy
Info (12128): Elaborating entity "ROM" for hierarchy "ROM:rom" File: C:/Users/adamc/OneDrive/Escritorio/UNI/5toCUATRI/ISDIGI/PROYECTO3/versiones/version2/10_DICIEMBRE_restored/fase1.sv Line: 12
Warning (10850): Verilog HDL warning at ROM.sv(15): number of words (14) in memory file does not match the number of elements in the address range [0:1023] File: C:/Users/adamc/OneDrive/Escritorio/UNI/5toCUATRI/ISDIGI/PROYECTO3/versiones/version2/10_DICIEMBRE_restored/ROM.sv Line: 15
Warning (10030): Net "rom.data_a" at ROM.sv(10) has no driver or initial value, using a default initial value '0' File: C:/Users/adamc/OneDrive/Escritorio/UNI/5toCUATRI/ISDIGI/PROYECTO3/versiones/version2/10_DICIEMBRE_restored/ROM.sv Line: 10
Warning (10030): Net "rom.waddr_a" at ROM.sv(10) has no driver or initial value, using a default initial value '0' File: C:/Users/adamc/OneDrive/Escritorio/UNI/5toCUATRI/ISDIGI/PROYECTO3/versiones/version2/10_DICIEMBRE_restored/ROM.sv Line: 10
Warning (10030): Net "rom.we_a" at ROM.sv(10) has no driver or initial value, using a default initial value '0' File: C:/Users/adamc/OneDrive/Escritorio/UNI/5toCUATRI/ISDIGI/PROYECTO3/versiones/version2/10_DICIEMBRE_restored/ROM.sv Line: 10
Info (12128): Elaborating entity "Banco_registros" for hierarchy "Banco_registros:banco_registros" File: C:/Users/adamc/OneDrive/Escritorio/UNI/5toCUATRI/ISDIGI/PROYECTO3/versiones/version2/10_DICIEMBRE_restored/fase1.sv Line: 15
Info (12128): Elaborating entity "ALU" for hierarchy "ALU:alu" File: C:/Users/adamc/OneDrive/Escritorio/UNI/5toCUATRI/ISDIGI/PROYECTO3/versiones/version2/10_DICIEMBRE_restored/fase1.sv Line: 17
Warning (10240): Verilog HDL Always Construct warning at ALU.sv(9): inferring latch(es) for variable "zero_flag", which holds its previous value in one or more paths through the always construct File: C:/Users/adamc/OneDrive/Escritorio/UNI/5toCUATRI/ISDIGI/PROYECTO3/versiones/version2/10_DICIEMBRE_restored/ALU.sv Line: 9
Info (10041): Inferred latch for "zero_flag" at ALU.sv(9) File: C:/Users/adamc/OneDrive/Escritorio/UNI/5toCUATRI/ISDIGI/PROYECTO3/versiones/version2/10_DICIEMBRE_restored/ALU.sv Line: 9
Info (12128): Elaborating entity "RAM" for hierarchy "RAM:ram" File: C:/Users/adamc/OneDrive/Escritorio/UNI/5toCUATRI/ISDIGI/PROYECTO3/versiones/version2/10_DICIEMBRE_restored/fase1.sv Line: 19
Warning (10850): Verilog HDL warning at RAM.sv(18): number of words (0) in memory file does not match the number of elements in the address range [0:1023] File: C:/Users/adamc/OneDrive/Escritorio/UNI/5toCUATRI/ISDIGI/PROYECTO3/versiones/version2/10_DICIEMBRE_restored/RAM.sv Line: 18
Info (12128): Elaborating entity "Control" for hierarchy "Control:control" File: C:/Users/adamc/OneDrive/Escritorio/UNI/5toCUATRI/ISDIGI/PROYECTO3/versiones/version2/10_DICIEMBRE_restored/fase1.sv Line: 22
Info (12128): Elaborating entity "ALU_CONTROL" for hierarchy "ALU_CONTROL:alu_control" File: C:/Users/adamc/OneDrive/Escritorio/UNI/5toCUATRI/ISDIGI/PROYECTO3/versiones/version2/10_DICIEMBRE_restored/fase1.sv Line: 24
Warning (10199): Verilog HDL Case Statement warning at ALU_CONTROL.sv(40): case item expression never matches the case expression File: C:/Users/adamc/OneDrive/Escritorio/UNI/5toCUATRI/ISDIGI/PROYECTO3/versiones/version2/10_DICIEMBRE_restored/ALU_CONTROL.sv Line: 40
Warning (10240): Verilog HDL Always Construct warning at ALU_CONTROL.sv(9): inferring latch(es) for variable "concatenacion", which holds its previous value in one or more paths through the always construct File: C:/Users/adamc/OneDrive/Escritorio/UNI/5toCUATRI/ISDIGI/PROYECTO3/versiones/version2/10_DICIEMBRE_restored/ALU_CONTROL.sv Line: 9
Info (12128): Elaborating entity "ImmGen" for hierarchy "ImmGen:immgen" File: C:/Users/adamc/OneDrive/Escritorio/UNI/5toCUATRI/ISDIGI/PROYECTO3/versiones/version2/10_DICIEMBRE_restored/fase1.sv Line: 26
Warning (10272): Verilog HDL Case Statement warning at ImmGen.sv(16): case item expression covers a value already covered by a previous case item File: C:/Users/adamc/OneDrive/Escritorio/UNI/5toCUATRI/ISDIGI/PROYECTO3/versiones/version2/10_DICIEMBRE_restored/ImmGen.sv Line: 16
Warning (10270): Verilog HDL Case Statement warning at ImmGen.sv(7): incomplete case statement has no default case item File: C:/Users/adamc/OneDrive/Escritorio/UNI/5toCUATRI/ISDIGI/PROYECTO3/versiones/version2/10_DICIEMBRE_restored/ImmGen.sv Line: 7
Warning (10240): Verilog HDL Always Construct warning at ImmGen.sv(6): inferring latch(es) for variable "imm", which holds its previous value in one or more paths through the always construct File: C:/Users/adamc/OneDrive/Escritorio/UNI/5toCUATRI/ISDIGI/PROYECTO3/versiones/version2/10_DICIEMBRE_restored/ImmGen.sv Line: 6
Info (10041): Inferred latch for "imm[0]" at ImmGen.sv(6) File: C:/Users/adamc/OneDrive/Escritorio/UNI/5toCUATRI/ISDIGI/PROYECTO3/versiones/version2/10_DICIEMBRE_restored/ImmGen.sv Line: 6
Info (10041): Inferred latch for "imm[1]" at ImmGen.sv(6) File: C:/Users/adamc/OneDrive/Escritorio/UNI/5toCUATRI/ISDIGI/PROYECTO3/versiones/version2/10_DICIEMBRE_restored/ImmGen.sv Line: 6
Info (10041): Inferred latch for "imm[2]" at ImmGen.sv(6) File: C:/Users/adamc/OneDrive/Escritorio/UNI/5toCUATRI/ISDIGI/PROYECTO3/versiones/version2/10_DICIEMBRE_restored/ImmGen.sv Line: 6
Info (10041): Inferred latch for "imm[3]" at ImmGen.sv(6) File: C:/Users/adamc/OneDrive/Escritorio/UNI/5toCUATRI/ISDIGI/PROYECTO3/versiones/version2/10_DICIEMBRE_restored/ImmGen.sv Line: 6
Info (10041): Inferred latch for "imm[4]" at ImmGen.sv(6) File: C:/Users/adamc/OneDrive/Escritorio/UNI/5toCUATRI/ISDIGI/PROYECTO3/versiones/version2/10_DICIEMBRE_restored/ImmGen.sv Line: 6
Info (10041): Inferred latch for "imm[5]" at ImmGen.sv(6) File: C:/Users/adamc/OneDrive/Escritorio/UNI/5toCUATRI/ISDIGI/PROYECTO3/versiones/version2/10_DICIEMBRE_restored/ImmGen.sv Line: 6
Info (10041): Inferred latch for "imm[6]" at ImmGen.sv(6) File: C:/Users/adamc/OneDrive/Escritorio/UNI/5toCUATRI/ISDIGI/PROYECTO3/versiones/version2/10_DICIEMBRE_restored/ImmGen.sv Line: 6
Info (10041): Inferred latch for "imm[7]" at ImmGen.sv(6) File: C:/Users/adamc/OneDrive/Escritorio/UNI/5toCUATRI/ISDIGI/PROYECTO3/versiones/version2/10_DICIEMBRE_restored/ImmGen.sv Line: 6
Info (10041): Inferred latch for "imm[8]" at ImmGen.sv(6) File: C:/Users/adamc/OneDrive/Escritorio/UNI/5toCUATRI/ISDIGI/PROYECTO3/versiones/version2/10_DICIEMBRE_restored/ImmGen.sv Line: 6
Info (10041): Inferred latch for "imm[9]" at ImmGen.sv(6) File: C:/Users/adamc/OneDrive/Escritorio/UNI/5toCUATRI/ISDIGI/PROYECTO3/versiones/version2/10_DICIEMBRE_restored/ImmGen.sv Line: 6
Info (10041): Inferred latch for "imm[10]" at ImmGen.sv(6) File: C:/Users/adamc/OneDrive/Escritorio/UNI/5toCUATRI/ISDIGI/PROYECTO3/versiones/version2/10_DICIEMBRE_restored/ImmGen.sv Line: 6
Info (10041): Inferred latch for "imm[11]" at ImmGen.sv(6) File: C:/Users/adamc/OneDrive/Escritorio/UNI/5toCUATRI/ISDIGI/PROYECTO3/versiones/version2/10_DICIEMBRE_restored/ImmGen.sv Line: 6
Info (10041): Inferred latch for "imm[12]" at ImmGen.sv(6) File: C:/Users/adamc/OneDrive/Escritorio/UNI/5toCUATRI/ISDIGI/PROYECTO3/versiones/version2/10_DICIEMBRE_restored/ImmGen.sv Line: 6
Info (10041): Inferred latch for "imm[13]" at ImmGen.sv(6) File: C:/Users/adamc/OneDrive/Escritorio/UNI/5toCUATRI/ISDIGI/PROYECTO3/versiones/version2/10_DICIEMBRE_restored/ImmGen.sv Line: 6
Info (10041): Inferred latch for "imm[14]" at ImmGen.sv(6) File: C:/Users/adamc/OneDrive/Escritorio/UNI/5toCUATRI/ISDIGI/PROYECTO3/versiones/version2/10_DICIEMBRE_restored/ImmGen.sv Line: 6
Info (10041): Inferred latch for "imm[15]" at ImmGen.sv(6) File: C:/Users/adamc/OneDrive/Escritorio/UNI/5toCUATRI/ISDIGI/PROYECTO3/versiones/version2/10_DICIEMBRE_restored/ImmGen.sv Line: 6
Info (10041): Inferred latch for "imm[16]" at ImmGen.sv(6) File: C:/Users/adamc/OneDrive/Escritorio/UNI/5toCUATRI/ISDIGI/PROYECTO3/versiones/version2/10_DICIEMBRE_restored/ImmGen.sv Line: 6
Info (10041): Inferred latch for "imm[17]" at ImmGen.sv(6) File: C:/Users/adamc/OneDrive/Escritorio/UNI/5toCUATRI/ISDIGI/PROYECTO3/versiones/version2/10_DICIEMBRE_restored/ImmGen.sv Line: 6
Info (10041): Inferred latch for "imm[18]" at ImmGen.sv(6) File: C:/Users/adamc/OneDrive/Escritorio/UNI/5toCUATRI/ISDIGI/PROYECTO3/versiones/version2/10_DICIEMBRE_restored/ImmGen.sv Line: 6
Info (10041): Inferred latch for "imm[19]" at ImmGen.sv(6) File: C:/Users/adamc/OneDrive/Escritorio/UNI/5toCUATRI/ISDIGI/PROYECTO3/versiones/version2/10_DICIEMBRE_restored/ImmGen.sv Line: 6
Info (10041): Inferred latch for "imm[20]" at ImmGen.sv(6) File: C:/Users/adamc/OneDrive/Escritorio/UNI/5toCUATRI/ISDIGI/PROYECTO3/versiones/version2/10_DICIEMBRE_restored/ImmGen.sv Line: 6
Info (10041): Inferred latch for "imm[21]" at ImmGen.sv(6) File: C:/Users/adamc/OneDrive/Escritorio/UNI/5toCUATRI/ISDIGI/PROYECTO3/versiones/version2/10_DICIEMBRE_restored/ImmGen.sv Line: 6
Info (10041): Inferred latch for "imm[22]" at ImmGen.sv(6) File: C:/Users/adamc/OneDrive/Escritorio/UNI/5toCUATRI/ISDIGI/PROYECTO3/versiones/version2/10_DICIEMBRE_restored/ImmGen.sv Line: 6
Info (10041): Inferred latch for "imm[23]" at ImmGen.sv(6) File: C:/Users/adamc/OneDrive/Escritorio/UNI/5toCUATRI/ISDIGI/PROYECTO3/versiones/version2/10_DICIEMBRE_restored/ImmGen.sv Line: 6
Info (10041): Inferred latch for "imm[24]" at ImmGen.sv(6) File: C:/Users/adamc/OneDrive/Escritorio/UNI/5toCUATRI/ISDIGI/PROYECTO3/versiones/version2/10_DICIEMBRE_restored/ImmGen.sv Line: 6
Info (10041): Inferred latch for "imm[25]" at ImmGen.sv(6) File: C:/Users/adamc/OneDrive/Escritorio/UNI/5toCUATRI/ISDIGI/PROYECTO3/versiones/version2/10_DICIEMBRE_restored/ImmGen.sv Line: 6
Info (10041): Inferred latch for "imm[26]" at ImmGen.sv(6) File: C:/Users/adamc/OneDrive/Escritorio/UNI/5toCUATRI/ISDIGI/PROYECTO3/versiones/version2/10_DICIEMBRE_restored/ImmGen.sv Line: 6
Info (10041): Inferred latch for "imm[27]" at ImmGen.sv(6) File: C:/Users/adamc/OneDrive/Escritorio/UNI/5toCUATRI/ISDIGI/PROYECTO3/versiones/version2/10_DICIEMBRE_restored/ImmGen.sv Line: 6
Info (10041): Inferred latch for "imm[28]" at ImmGen.sv(6) File: C:/Users/adamc/OneDrive/Escritorio/UNI/5toCUATRI/ISDIGI/PROYECTO3/versiones/version2/10_DICIEMBRE_restored/ImmGen.sv Line: 6
Info (10041): Inferred latch for "imm[29]" at ImmGen.sv(6) File: C:/Users/adamc/OneDrive/Escritorio/UNI/5toCUATRI/ISDIGI/PROYECTO3/versiones/version2/10_DICIEMBRE_restored/ImmGen.sv Line: 6
Info (10041): Inferred latch for "imm[30]" at ImmGen.sv(6) File: C:/Users/adamc/OneDrive/Escritorio/UNI/5toCUATRI/ISDIGI/PROYECTO3/versiones/version2/10_DICIEMBRE_restored/ImmGen.sv Line: 6
Info (10041): Inferred latch for "imm[31]" at ImmGen.sv(6) File: C:/Users/adamc/OneDrive/Escritorio/UNI/5toCUATRI/ISDIGI/PROYECTO3/versiones/version2/10_DICIEMBRE_restored/ImmGen.sv Line: 6
Info (12128): Elaborating entity "mux1" for hierarchy "mux1:multiplexorREGISTROS" File: C:/Users/adamc/OneDrive/Escritorio/UNI/5toCUATRI/ISDIGI/PROYECTO3/versiones/version2/10_DICIEMBRE_restored/fase1.sv Line: 28
Info (12128): Elaborating entity "mux2" for hierarchy "mux2:multiplexor2" File: C:/Users/adamc/OneDrive/Escritorio/UNI/5toCUATRI/ISDIGI/PROYECTO3/versiones/version2/10_DICIEMBRE_restored/fase1.sv Line: 38
Info (12128): Elaborating entity "sumador1" for hierarchy "sumador1:SUMADOR1" File: C:/Users/adamc/OneDrive/Escritorio/UNI/5toCUATRI/ISDIGI/PROYECTO3/versiones/version2/10_DICIEMBRE_restored/fase1.sv Line: 40
Info (12128): Elaborating entity "sumador2" for hierarchy "sumador2:SUMADOR2" File: C:/Users/adamc/OneDrive/Escritorio/UNI/5toCUATRI/ISDIGI/PROYECTO3/versiones/version2/10_DICIEMBRE_restored/fase1.sv Line: 42
Info (12128): Elaborating entity "pc" for hierarchy "pc:PC" File: C:/Users/adamc/OneDrive/Escritorio/UNI/5toCUATRI/ISDIGI/PROYECTO3/versiones/version2/10_DICIEMBRE_restored/fase1.sv Line: 44
Info (12128): Elaborating entity "PUERTA_AND" for hierarchy "PUERTA_AND:puerta_and" File: C:/Users/adamc/OneDrive/Escritorio/UNI/5toCUATRI/ISDIGI/PROYECTO3/versiones/version2/10_DICIEMBRE_restored/fase1.sv Line: 46
Info (144001): Generated suppressed messages file C:/Users/adamc/OneDrive/Escritorio/UNI/5toCUATRI/ISDIGI/PROYECTO3/versiones/version2/10_DICIEMBRE_restored/output_files/proyecto3.map.smsg
Info: Quartus Prime Analysis & Elaboration was successful. 0 errors, 13 warnings
    Info: Peak virtual memory: 4730 megabytes
    Info: Processing ended: Sun Dec 10 18:35:30 2023
    Info: Elapsed time: 00:00:18
    Info: Total CPU time (on all processors): 00:00:35


+--------------------------------------------+
; Analysis & Elaboration Suppressed Messages ;
+--------------------------------------------+
The suppressed messages can be found in C:/Users/adamc/OneDrive/Escritorio/UNI/5toCUATRI/ISDIGI/PROYECTO3/versiones/version2/10_DICIEMBRE_restored/output_files/proyecto3.map.smsg.


