Archive Project report for proyecto3
Wed Nov 22 11:04:30 2023
Quartus Prime Version 17.1.0 Build 590 10/25/2017 SJ Lite Edition


---------------------
; Table of Contents ;
---------------------
  1. Legal Notice
  2. Archive Project Summary
  3. Archive Project Messages
  4. Files Archived



----------------
; Legal Notice ;
----------------
Copyright (C) 2017  Intel Corporation. All rights reserved.
Your use of Intel Corporation's design tools, logic functions 
and other software and tools, and its AMPP partner logic 
functions, and any output files from any of the foregoing 
(including device programming or simulation files), and any 
associated documentation or information are expressly subject 
to the terms and conditions of the Intel Program License 
Subscription Agreement, the Intel Quartus Prime License Agreement,
the Intel FPGA IP License Agreement, or other applicable license
agreement, including, without limitation, that your use is for
the sole purpose of programming logic devices manufactured by
Intel and sold by Intel or its authorized distributors.  Please
refer to the applicable agreement for further details.



+----------------------------------------------------------------+
; Archive Project Summary                                        ;
+------------------------+---------------------------------------+
; Archive Project Status ; Successful - Wed Nov 22 11:04:30 2023 ;
; Revision Name          ; proyecto3                             ;
; Top-level Entity Name  ; ALU                                   ;
; Family                 ; Cyclone IV E                          ;
+------------------------+---------------------------------------+


+--------------------------+
; Archive Project Messages ;
+--------------------------+
Info: File Set 'Service request' contains:
    Info: Project source and settings files
    Info: Automatically detected source files
    Info: Report files
    Info: Programming output files
Warning: Hierarchical Platform Designer systems and custom IP components(_hw.tcl and associated files) are not archived by the Quartus Archiver
Warning: Excluding 'Automatically detected source files' The Quartus Prime software may not be able to automatically locate all project files.
Info: Archive will store files relative to the closest common parent directory
Info (13213): Using common directory C:/Users/jaume/OneDrive/Documentos/3_TELECO/ISDIGIT/microprocesador/proyecto3_restored/
Info: ----------------------------------------------------------
Info: ----------------------------------------------------------
Info: Generated archive 'C:/Users/jaume/OneDrive/Documentos/3_TELECO/ISDIGIT/microprocesador/proyecto3_restored/FASE1.qar'
Info: ----------------------------------------------------------
Info: ----------------------------------------------------------
Info: Generated report 'proyecto3.archive.rpt'
Info (23030): Evaluation of Tcl script c:/intelfpga_lite/17.1/quartus/common/tcl/apps/qpm/qar.tcl was successful
Info: Quartus Prime Shell was successful. 0 errors, 2 warnings
    Info: Peak virtual memory: 4853 megabytes
    Info: Processing ended: Wed Nov 22 11:04:30 2023
    Info: Elapsed time: 00:00:03
    Info: Total CPU time (on all processors): 00:00:02


+------------------------------------+
; Files Archived                     ;
+------------------------------------+
; File Name                          ;
+------------------------------------+
; ALU.sv                             ;
; assignment_defaults.qdf            ;
; Banco_registros.sv                 ;
; output_files/proyecto3.flow.rpt    ;
; output_files/proyecto3.map.rpt     ;
; output_files/proyecto3.map.summary ;
; proyecto3.qpf                      ;
; proyecto3.qsf                      ;
; RAM.sv                             ;
; ROM.sv                             ;
+------------------------------------+


